{"/Users/rutger/Downloads/Development Tools/Week 4/seminar-week4-server/server/server.js":{"path":"/Users/rutger/Downloads/Development Tools/Week 4/seminar-week4-server/server/server.js","s":{"1":1,"2":1,"3":1,"4":1,"5":1,"6":1,"7":1,"8":0,"9":0,"10":1,"11":0,"12":0,"13":0,"14":0,"15":0,"16":0,"17":1,"18":0,"19":0,"20":0,"21":0,"22":0,"23":0,"24":1},"b":{},"f":{"1":0,"2":0,"3":0},"fnMap":{"1":{"name":"(anonymous_1)","line":15,"loc":{"start":{"line":15,"column":21},"end":{"line":15,"column":40}}},"2":{"name":"(anonymous_2)","line":20,"loc":{"start":{"line":20,"column":32},"end":{"line":20,"column":51}}},"3":{"name":"(anonymous_3)","line":31,"loc":{"start":{"line":31,"column":34},"end":{"line":31,"column":53}}}},"statementMap":{"1":{"start":{"line":1,"column":0},"end":{"line":1,"column":42}},"2":{"start":{"line":2,"column":0},"end":{"line":2,"column":35}},"3":{"start":{"line":3,"column":0},"end":{"line":3,"column":38}},"4":{"start":{"line":4,"column":0},"end":{"line":4,"column":22}},"5":{"start":{"line":7,"column":0},"end":{"line":7,"column":27}},"6":{"start":{"line":10,"column":0},"end":{"line":10,"column":30}},"7":{"start":{"line":15,"column":0},"end":{"line":18,"column":3}},"8":{"start":{"line":16,"column":2},"end":{"line":16,"column":18}},"9":{"start":{"line":17,"column":2},"end":{"line":17,"column":31}},"10":{"start":{"line":20,"column":0},"end":{"line":29,"column":3}},"11":{"start":{"line":21,"column":2},"end":{"line":28,"column":3}},"12":{"start":{"line":22,"column":4},"end":{"line":22,"column":38}},"13":{"start":{"line":23,"column":4},"end":{"line":23,"column":20}},"14":{"start":{"line":24,"column":4},"end":{"line":24,"column":14}},"15":{"start":{"line":26,"column":4},"end":{"line":26,"column":20}},"16":{"start":{"line":27,"column":4},"end":{"line":27,"column":14}},"17":{"start":{"line":31,"column":0},"end":{"line":40,"column":3}},"18":{"start":{"line":32,"column":2},"end":{"line":39,"column":3}},"19":{"start":{"line":33,"column":4},"end":{"line":33,"column":41}},"20":{"start":{"line":34,"column":4},"end":{"line":34,"column":20}},"21":{"start":{"line":35,"column":4},"end":{"line":35,"column":14}},"22":{"start":{"line":37,"column":4},"end":{"line":37,"column":20}},"23":{"start":{"line":38,"column":4},"end":{"line":38,"column":14}},"24":{"start":{"line":42,"column":0},"end":{"line":42,"column":21}}},"branchMap":{}},"/Users/rutger/Downloads/Development Tools/Week 4/seminar-week4-server/server/todo.js":{"path":"/Users/rutger/Downloads/Development Tools/Week 4/seminar-week4-server/server/todo.js","s":{"1":1,"2":1,"3":0,"4":0,"5":0,"6":0,"7":0,"8":0,"9":0,"10":0,"11":0,"12":1},"b":{"1":[0,0],"2":[0,0]},"f":{"1":1,"2":0,"3":0,"4":0,"5":0,"6":0},"fnMap":{"1":{"name":"(anonymous_1)","line":10,"loc":{"start":{"line":10,"column":13},"end":{"line":10,"column":16}}},"2":{"name":"(anonymous_2)","line":19,"loc":{"start":{"line":19,"column":5},"end":{"line":19,"column":12}}},"3":{"name":"(anonymous_3)","line":27,"loc":{"start":{"line":27,"column":10},"end":{"line":27,"column":17}}},"4":{"name":"(anonymous_4)","line":31,"loc":{"start":{"line":31,"column":8},"end":{"line":31,"column":15}}},"5":{"name":"(anonymous_5)","line":33,"loc":{"start":{"line":33,"column":27},"end":{"line":33,"column":45}}},"6":{"name":"(anonymous_6)","line":45,"loc":{"start":{"line":45,"column":9},"end":{"line":45,"column":12}}}},"statementMap":{"1":{"start":{"line":1,"column":0},"end":{"line":1,"column":28}},"2":{"start":{"line":11,"column":4},"end":{"line":11,"column":20}},"3":{"start":{"line":20,"column":4},"end":{"line":24,"column":5}},"4":{"start":{"line":21,"column":6},"end":{"line":21,"column":28}},"5":{"start":{"line":23,"column":6},"end":{"line":23,"column":29}},"6":{"start":{"line":28,"column":4},"end":{"line":28,"column":40}},"7":{"start":{"line":32,"column":4},"end":{"line":38,"column":5}},"8":{"start":{"line":33,"column":6},"end":{"line":35,"column":9}},"9":{"start":{"line":34,"column":8},"end":{"line":34,"column":32}},"10":{"start":{"line":37,"column":6},"end":{"line":37,"column":29}},"11":{"start":{"line":46,"column":4},"end":{"line":46,"column":22}},"12":{"start":{"line":50,"column":0},"end":{"line":50,"column":26}}},"branchMap":{"1":{"line":20,"type":"if","locations":[{"start":{"line":20,"column":4},"end":{"line":20,"column":4}},{"start":{"line":20,"column":4},"end":{"line":20,"column":4}}]},"2":{"line":32,"type":"if","locations":[{"start":{"line":32,"column":4},"end":{"line":32,"column":4}},{"start":{"line":32,"column":4},"end":{"line":32,"column":4}}]}}}}